{"/home/szymslo/Projekty/temp-color/src/checker.js": {"path":"/home/szymslo/Projekty/temp-color/src/checker.js","statementMap":{"0":{"start":{"line":2,"column":2},"end":{"line":6,"column":22}},"1":{"start":{"line":3,"column":4},"end":{"line":3,"column":13}},"2":{"start":{"line":4,"column":9},"end":{"line":6,"column":22}},"3":{"start":{"line":5,"column":4},"end":{"line":5,"column":15}},"4":{"start":{"line":6,"column":9},"end":{"line":6,"column":22}},"5":{"start":{"line":9,"column":0},"end":{"line":9,"column":28}}},"fnMap":{"0":{"name":"checkRange","decl":{"start":{"line":1,"column":9},"end":{"line":1,"column":19}},"loc":{"start":{"line":1,"column":28},"end":{"line":7,"column":1}},"line":1}},"branchMap":{"0":{"loc":{"start":{"line":2,"column":2},"end":{"line":6,"column":22}},"type":"if","locations":[{"start":{"line":2,"column":2},"end":{"line":6,"column":22}},{"start":{"line":2,"column":2},"end":{"line":6,"column":22}}],"line":2},"1":{"loc":{"start":{"line":4,"column":9},"end":{"line":6,"column":22}},"type":"if","locations":[{"start":{"line":4,"column":9},"end":{"line":6,"column":22}},{"start":{"line":4,"column":9},"end":{"line":6,"column":22}}],"line":4}},"s":{"0":42,"1":20,"2":22,"3":1,"4":21,"5":1},"f":{"0":42},"b":{"0":[20,22],"1":[1,21]},"_coverageSchema":"1a1c01bbd47fc00a2c39e90264f33305004495a9","hash":"5a84bab760fd7c94d67d82fad82572db49685c24"}
,"/home/szymslo/Projekty/temp-color/src/index.js": {"path":"/home/szymslo/Projekty/temp-color/src/index.js","statementMap":{"0":{"start":{"line":1,"column":19},"end":{"line":1,"column":39}},"1":{"start":{"line":4,"column":2},"end":{"line":12,"column":3}},"2":{"start":{"line":5,"column":4},"end":{"line":5,"column":72}},"3":{"start":{"line":6,"column":9},"end":{"line":12,"column":3}},"4":{"start":{"line":7,"column":4},"end":{"line":7,"column":62}},"5":{"start":{"line":8,"column":9},"end":{"line":12,"column":3}},"6":{"start":{"line":9,"column":4},"end":{"line":9,"column":12}},"7":{"start":{"line":10,"column":9},"end":{"line":12,"column":3}},"8":{"start":{"line":11,"column":4},"end":{"line":11,"column":12}},"9":{"start":{"line":14,"column":13},"end":{"line":14,"column":36}},"10":{"start":{"line":15,"column":15},"end":{"line":15,"column":18}},"11":{"start":{"line":16,"column":15},"end":{"line":16,"column":18}},"12":{"start":{"line":17,"column":15},"end":{"line":17,"column":18}},"13":{"start":{"line":19,"column":2},"end":{"line":71,"column":3}},"14":{"start":{"line":21,"column":22},"end":{"line":21,"column":81}},"15":{"start":{"line":22,"column":6},"end":{"line":46,"column":7}},"16":{"start":{"line":23,"column":8},"end":{"line":23,"column":40}},"17":{"start":{"line":24,"column":8},"end":{"line":24,"column":19}},"18":{"start":{"line":25,"column":8},"end":{"line":25,"column":21}},"19":{"start":{"line":26,"column":13},"end":{"line":46,"column":7}},"20":{"start":{"line":27,"column":8},"end":{"line":27,"column":19}},"21":{"start":{"line":28,"column":8},"end":{"line":28,"column":47}},"22":{"start":{"line":29,"column":8},"end":{"line":29,"column":21}},"23":{"start":{"line":30,"column":13},"end":{"line":46,"column":7}},"24":{"start":{"line":31,"column":8},"end":{"line":31,"column":19}},"25":{"start":{"line":32,"column":8},"end":{"line":32,"column":21}},"26":{"start":{"line":33,"column":8},"end":{"line":33,"column":40}},"27":{"start":{"line":34,"column":13},"end":{"line":46,"column":7}},"28":{"start":{"line":35,"column":8},"end":{"line":35,"column":46}},"29":{"start":{"line":36,"column":8},"end":{"line":36,"column":21}},"30":{"start":{"line":37,"column":8},"end":{"line":37,"column":19}},"31":{"start":{"line":38,"column":13},"end":{"line":46,"column":7}},"32":{"start":{"line":39,"column":8},"end":{"line":39,"column":21}},"33":{"start":{"line":40,"column":8},"end":{"line":40,"column":41}},"34":{"start":{"line":41,"column":8},"end":{"line":41,"column":19}},"35":{"start":{"line":43,"column":8},"end":{"line":43,"column":21}},"36":{"start":{"line":44,"column":8},"end":{"line":44,"column":19}},"37":{"start":{"line":45,"column":8},"end":{"line":45,"column":46}},"38":{"start":{"line":47,"column":6},"end":{"line":47,"column":12}},"39":{"start":{"line":51,"column":22},"end":{"line":51,"column":55}},"40":{"start":{"line":52,"column":6},"end":{"line":68,"column":7}},"41":{"start":{"line":53,"column":8},"end":{"line":53,"column":19}},"42":{"start":{"line":54,"column":8},"end":{"line":54,"column":34}},"43":{"start":{"line":55,"column":8},"end":{"line":55,"column":21}},"44":{"start":{"line":56,"column":13},"end":{"line":68,"column":7}},"45":{"start":{"line":57,"column":8},"end":{"line":57,"column":19}},"46":{"start":{"line":58,"column":8},"end":{"line":58,"column":21}},"47":{"start":{"line":59,"column":8},"end":{"line":59,"column":40}},"48":{"start":{"line":60,"column":13},"end":{"line":68,"column":7}},"49":{"start":{"line":61,"column":8},"end":{"line":61,"column":46}},"50":{"start":{"line":62,"column":8},"end":{"line":62,"column":21}},"51":{"start":{"line":63,"column":8},"end":{"line":63,"column":19}},"52":{"start":{"line":65,"column":8},"end":{"line":65,"column":21}},"53":{"start":{"line":66,"column":8},"end":{"line":66,"column":40}},"54":{"start":{"line":67,"column":8},"end":{"line":67,"column":19}},"55":{"start":{"line":69,"column":6},"end":{"line":69,"column":12}},"56":{"start":{"line":73,"column":2},"end":{"line":77,"column":4}},"57":{"start":{"line":80,"column":0},"end":{"line":80,"column":41}}},"fnMap":{"0":{"name":"tempToColor","decl":{"start":{"line":3,"column":9},"end":{"line":3,"column":20}},"loc":{"start":{"line":3,"column":41},"end":{"line":78,"column":1}},"line":3}},"branchMap":{"0":{"loc":{"start":{"line":4,"column":2},"end":{"line":12,"column":3}},"type":"if","locations":[{"start":{"line":4,"column":2},"end":{"line":12,"column":3}},{"start":{"line":4,"column":2},"end":{"line":12,"column":3}}],"line":4},"1":{"loc":{"start":{"line":4,"column":6},"end":{"line":4,"column":75}},"type":"binary-expr","locations":[{"start":{"line":4,"column":6},"end":{"line":4,"column":25}},{"start":{"line":4,"column":29},"end":{"line":4,"column":50}},{"start":{"line":4,"column":54},"end":{"line":4,"column":75}}],"line":4},"2":{"loc":{"start":{"line":6,"column":9},"end":{"line":12,"column":3}},"type":"if","locations":[{"start":{"line":6,"column":9},"end":{"line":12,"column":3}},{"start":{"line":6,"column":9},"end":{"line":12,"column":3}}],"line":6},"3":{"loc":{"start":{"line":8,"column":9},"end":{"line":12,"column":3}},"type":"if","locations":[{"start":{"line":8,"column":9},"end":{"line":12,"column":3}},{"start":{"line":8,"column":9},"end":{"line":12,"column":3}}],"line":8},"4":{"loc":{"start":{"line":10,"column":9},"end":{"line":12,"column":3}},"type":"if","locations":[{"start":{"line":10,"column":9},"end":{"line":12,"column":3}},{"start":{"line":10,"column":9},"end":{"line":12,"column":3}}],"line":10},"5":{"loc":{"start":{"line":19,"column":2},"end":{"line":71,"column":3}},"type":"switch","locations":[{"start":{"line":20,"column":4},"end":{"line":48,"column":5}},{"start":{"line":50,"column":4},"end":{"line":70,"column":5}}],"line":19},"6":{"loc":{"start":{"line":22,"column":6},"end":{"line":46,"column":7}},"type":"if","locations":[{"start":{"line":22,"column":6},"end":{"line":46,"column":7}},{"start":{"line":22,"column":6},"end":{"line":46,"column":7}}],"line":22},"7":{"loc":{"start":{"line":26,"column":13},"end":{"line":46,"column":7}},"type":"if","locations":[{"start":{"line":26,"column":13},"end":{"line":46,"column":7}},{"start":{"line":26,"column":13},"end":{"line":46,"column":7}}],"line":26},"8":{"loc":{"start":{"line":26,"column":17},"end":{"line":26,"column":52}},"type":"binary-expr","locations":[{"start":{"line":26,"column":17},"end":{"line":26,"column":32}},{"start":{"line":26,"column":36},"end":{"line":26,"column":52}}],"line":26},"9":{"loc":{"start":{"line":30,"column":13},"end":{"line":46,"column":7}},"type":"if","locations":[{"start":{"line":30,"column":13},"end":{"line":46,"column":7}},{"start":{"line":30,"column":13},"end":{"line":46,"column":7}}],"line":30},"10":{"loc":{"start":{"line":30,"column":17},"end":{"line":30,"column":52}},"type":"binary-expr","locations":[{"start":{"line":30,"column":17},"end":{"line":30,"column":32}},{"start":{"line":30,"column":36},"end":{"line":30,"column":52}}],"line":30},"11":{"loc":{"start":{"line":34,"column":13},"end":{"line":46,"column":7}},"type":"if","locations":[{"start":{"line":34,"column":13},"end":{"line":46,"column":7}},{"start":{"line":34,"column":13},"end":{"line":46,"column":7}}],"line":34},"12":{"loc":{"start":{"line":34,"column":17},"end":{"line":34,"column":52}},"type":"binary-expr","locations":[{"start":{"line":34,"column":17},"end":{"line":34,"column":32}},{"start":{"line":34,"column":36},"end":{"line":34,"column":52}}],"line":34},"13":{"loc":{"start":{"line":38,"column":13},"end":{"line":46,"column":7}},"type":"if","locations":[{"start":{"line":38,"column":13},"end":{"line":46,"column":7}},{"start":{"line":38,"column":13},"end":{"line":46,"column":7}}],"line":38},"14":{"loc":{"start":{"line":38,"column":17},"end":{"line":38,"column":52}},"type":"binary-expr","locations":[{"start":{"line":38,"column":17},"end":{"line":38,"column":32}},{"start":{"line":38,"column":36},"end":{"line":38,"column":52}}],"line":38},"15":{"loc":{"start":{"line":52,"column":6},"end":{"line":68,"column":7}},"type":"if","locations":[{"start":{"line":52,"column":6},"end":{"line":68,"column":7}},{"start":{"line":52,"column":6},"end":{"line":68,"column":7}}],"line":52},"16":{"loc":{"start":{"line":56,"column":13},"end":{"line":68,"column":7}},"type":"if","locations":[{"start":{"line":56,"column":13},"end":{"line":68,"column":7}},{"start":{"line":56,"column":13},"end":{"line":68,"column":7}}],"line":56},"17":{"loc":{"start":{"line":56,"column":17},"end":{"line":56,"column":52}},"type":"binary-expr","locations":[{"start":{"line":56,"column":17},"end":{"line":56,"column":32}},{"start":{"line":56,"column":36},"end":{"line":56,"column":52}}],"line":56},"18":{"loc":{"start":{"line":60,"column":13},"end":{"line":68,"column":7}},"type":"if","locations":[{"start":{"line":60,"column":13},"end":{"line":68,"column":7}},{"start":{"line":60,"column":13},"end":{"line":68,"column":7}}],"line":60},"19":{"loc":{"start":{"line":60,"column":17},"end":{"line":60,"column":52}},"type":"binary-expr","locations":[{"start":{"line":60,"column":17},"end":{"line":60,"column":32}},{"start":{"line":60,"column":36},"end":{"line":60,"column":52}}],"line":60}},"s":{"0":1,"1":18,"2":3,"3":15,"4":1,"5":14,"6":2,"7":12,"8":2,"9":14,"10":14,"11":14,"12":14,"13":14,"14":9,"15":9,"16":2,"17":2,"18":2,"19":7,"20":1,"21":1,"22":1,"23":6,"24":2,"25":2,"26":2,"27":4,"28":1,"29":1,"30":1,"31":3,"32":1,"33":1,"34":1,"35":2,"36":2,"37":2,"38":9,"39":5,"40":5,"41":2,"42":2,"43":2,"44":3,"45":1,"46":1,"47":1,"48":2,"49":1,"50":1,"51":1,"52":1,"53":1,"54":1,"55":5,"56":14,"57":1},"f":{"0":18},"b":{"0":[3,15],"1":[18,17,16],"2":[1,14],"3":[2,12],"4":[2,10],"5":[9,5],"6":[2,7],"7":[1,6],"8":[7,7],"9":[2,4],"10":[6,6],"11":[1,3],"12":[4,4],"13":[1,2],"14":[3,3],"15":[2,3],"16":[1,2],"17":[3,3],"18":[1,1],"19":[2,2]},"_coverageSchema":"1a1c01bbd47fc00a2c39e90264f33305004495a9","hash":"1547afd8c0d82b623aa6cae7d186d64235f01919"}
}
