{"/home/szymslo/Projekty/temp-color/index.js": {"path":"/home/szymslo/Projekty/temp-color/index.js","statementMap":{"0":{"start":{"line":3,"column":4},"end":{"line":11,"column":5}},"1":{"start":{"line":4,"column":8},"end":{"line":4,"column":76}},"2":{"start":{"line":5,"column":11},"end":{"line":11,"column":5}},"3":{"start":{"line":6,"column":8},"end":{"line":6,"column":66}},"4":{"start":{"line":7,"column":11},"end":{"line":11,"column":5}},"5":{"start":{"line":8,"column":8},"end":{"line":8,"column":16}},"6":{"start":{"line":9,"column":11},"end":{"line":11,"column":5}},"7":{"start":{"line":10,"column":8},"end":{"line":10,"column":16}},"8":{"start":{"line":13,"column":15},"end":{"line":13,"column":38}},"9":{"start":{"line":14,"column":20},"end":{"line":14,"column":79}},"10":{"start":{"line":15,"column":17},"end":{"line":15,"column":20}},"11":{"start":{"line":16,"column":17},"end":{"line":16,"column":20}},"12":{"start":{"line":17,"column":17},"end":{"line":17,"column":20}},"13":{"start":{"line":19,"column":4},"end":{"line":55,"column":5}},"14":{"start":{"line":21,"column":12},"end":{"line":21,"column":25}},"15":{"start":{"line":22,"column":12},"end":{"line":22,"column":23}},"16":{"start":{"line":23,"column":12},"end":{"line":23,"column":38}},"17":{"start":{"line":24,"column":12},"end":{"line":24,"column":18}},"18":{"start":{"line":27,"column":12},"end":{"line":27,"column":56}},"19":{"start":{"line":28,"column":12},"end":{"line":28,"column":23}},"20":{"start":{"line":29,"column":12},"end":{"line":29,"column":25}},"21":{"start":{"line":30,"column":12},"end":{"line":30,"column":18}},"22":{"start":{"line":33,"column":12},"end":{"line":33,"column":23}},"23":{"start":{"line":34,"column":12},"end":{"line":34,"column":56}},"24":{"start":{"line":35,"column":12},"end":{"line":35,"column":25}},"25":{"start":{"line":36,"column":12},"end":{"line":36,"column":18}},"26":{"start":{"line":39,"column":12},"end":{"line":39,"column":23}},"27":{"start":{"line":40,"column":12},"end":{"line":40,"column":25}},"28":{"start":{"line":41,"column":12},"end":{"line":41,"column":62}},"29":{"start":{"line":42,"column":12},"end":{"line":42,"column":18}},"30":{"start":{"line":45,"column":12},"end":{"line":45,"column":62}},"31":{"start":{"line":46,"column":12},"end":{"line":46,"column":25}},"32":{"start":{"line":47,"column":12},"end":{"line":47,"column":23}},"33":{"start":{"line":48,"column":12},"end":{"line":48,"column":18}},"34":{"start":{"line":51,"column":12},"end":{"line":51,"column":25}},"35":{"start":{"line":52,"column":12},"end":{"line":52,"column":44}},"36":{"start":{"line":53,"column":12},"end":{"line":53,"column":23}},"37":{"start":{"line":54,"column":12},"end":{"line":54,"column":18}},"38":{"start":{"line":57,"column":4},"end":{"line":61,"column":5}},"39":{"start":{"line":64,"column":0},"end":{"line":64,"column":41}}},"fnMap":{"0":{"name":"tempToColor","decl":{"start":{"line":1,"column":9},"end":{"line":1,"column":20}},"loc":{"start":{"line":1,"column":34},"end":{"line":62,"column":1}},"line":1}},"branchMap":{"0":{"loc":{"start":{"line":3,"column":4},"end":{"line":11,"column":5}},"type":"if","locations":[{"start":{"line":3,"column":4},"end":{"line":11,"column":5}},{"start":{"line":3,"column":4},"end":{"line":11,"column":5}}],"line":3},"1":{"loc":{"start":{"line":3,"column":8},"end":{"line":3,"column":77}},"type":"binary-expr","locations":[{"start":{"line":3,"column":8},"end":{"line":3,"column":27}},{"start":{"line":3,"column":31},"end":{"line":3,"column":52}},{"start":{"line":3,"column":56},"end":{"line":3,"column":77}}],"line":3},"2":{"loc":{"start":{"line":5,"column":11},"end":{"line":11,"column":5}},"type":"if","locations":[{"start":{"line":5,"column":11},"end":{"line":11,"column":5}},{"start":{"line":5,"column":11},"end":{"line":11,"column":5}}],"line":5},"3":{"loc":{"start":{"line":7,"column":11},"end":{"line":11,"column":5}},"type":"if","locations":[{"start":{"line":7,"column":11},"end":{"line":11,"column":5}},{"start":{"line":7,"column":11},"end":{"line":11,"column":5}}],"line":7},"4":{"loc":{"start":{"line":9,"column":11},"end":{"line":11,"column":5}},"type":"if","locations":[{"start":{"line":9,"column":11},"end":{"line":11,"column":5}},{"start":{"line":9,"column":11},"end":{"line":11,"column":5}}],"line":9},"5":{"loc":{"start":{"line":19,"column":4},"end":{"line":55,"column":5}},"type":"switch","locations":[{"start":{"line":20,"column":8},"end":{"line":24,"column":18}},{"start":{"line":26,"column":8},"end":{"line":30,"column":18}},{"start":{"line":32,"column":8},"end":{"line":36,"column":18}},{"start":{"line":38,"column":8},"end":{"line":42,"column":18}},{"start":{"line":44,"column":8},"end":{"line":48,"column":18}},{"start":{"line":50,"column":8},"end":{"line":54,"column":18}}],"line":19},"6":{"loc":{"start":{"line":26,"column":14},"end":{"line":26,"column":49}},"type":"binary-expr","locations":[{"start":{"line":26,"column":14},"end":{"line":26,"column":29}},{"start":{"line":26,"column":33},"end":{"line":26,"column":49}}],"line":26},"7":{"loc":{"start":{"line":32,"column":14},"end":{"line":32,"column":49}},"type":"binary-expr","locations":[{"start":{"line":32,"column":14},"end":{"line":32,"column":29}},{"start":{"line":32,"column":33},"end":{"line":32,"column":49}}],"line":32},"8":{"loc":{"start":{"line":38,"column":14},"end":{"line":38,"column":49}},"type":"binary-expr","locations":[{"start":{"line":38,"column":14},"end":{"line":38,"column":29}},{"start":{"line":38,"column":33},"end":{"line":38,"column":49}}],"line":38},"9":{"loc":{"start":{"line":44,"column":14},"end":{"line":44,"column":49}},"type":"binary-expr","locations":[{"start":{"line":44,"column":14},"end":{"line":44,"column":29}},{"start":{"line":44,"column":33},"end":{"line":44,"column":49}}],"line":44}},"s":{"0":13,"1":3,"2":10,"3":1,"4":9,"5":1,"6":8,"7":1,"8":9,"9":9,"10":9,"11":9,"12":9,"13":9,"14":2,"15":2,"16":2,"17":2,"18":2,"19":2,"20":2,"21":2,"22":1,"23":1,"24":1,"25":1,"26":1,"27":1,"28":1,"29":1,"30":1,"31":1,"32":1,"33":1,"34":2,"35":2,"36":2,"37":2,"38":9,"39":1},"f":{"0":13},"b":{"0":[3,10],"1":[13,12,11],"2":[1,9],"3":[1,8],"4":[1,7],"5":[2,2,1,1,1,2],"6":[7,7],"7":[5,5],"8":[4,4],"9":[3,3]},"_coverageSchema":"1a1c01bbd47fc00a2c39e90264f33305004495a9","hash":"9f078fc206671bab4b237d25eabfa46b6e9832e5"}
}
