TN:
SF:index.js
FN:1,tempToColor
FNF:1
FNH:1
FNDA:13,tempToColor
DA:3,13
DA:4,3
DA:5,10
DA:6,1
DA:7,9
DA:8,1
DA:9,8
DA:10,1
DA:13,9
DA:14,9
DA:15,9
DA:16,9
DA:17,9
DA:19,9
DA:21,2
DA:22,2
DA:23,2
DA:24,2
DA:27,2
DA:28,2
DA:29,2
DA:30,2
DA:33,1
DA:34,1
DA:35,1
DA:36,1
DA:39,1
DA:40,1
DA:41,1
DA:42,1
DA:45,1
DA:46,1
DA:47,1
DA:48,1
DA:51,2
DA:52,2
DA:53,2
DA:54,2
DA:57,9
DA:64,1
LF:40
LH:40
BRDA:3,0,0,3
BRDA:3,0,1,10
BRDA:3,1,0,13
BRDA:3,1,1,12
BRDA:3,1,2,11
BRDA:5,2,0,1
BRDA:5,2,1,9
BRDA:7,3,0,1
BRDA:7,3,1,8
BRDA:9,4,0,1
BRDA:9,4,1,7
BRDA:19,5,0,2
BRDA:19,5,1,2
BRDA:19,5,2,1
BRDA:19,5,3,1
BRDA:19,5,4,1
BRDA:19,5,5,2
BRDA:26,6,0,7
BRDA:26,6,1,7
BRDA:32,7,0,5
BRDA:32,7,1,5
BRDA:38,8,0,4
BRDA:38,8,1,4
BRDA:44,9,0,3
BRDA:44,9,1,3
BRF:25
BRH:25
end_of_record
