TN:
SF:src/checker.js
FN:1,checkRange
FNF:1
FNH:1
FNDA:42,checkRange
DA:2,42
DA:3,20
DA:4,22
DA:5,1
DA:6,21
DA:9,1
LF:6
LH:6
BRDA:2,0,0,20
BRDA:2,0,1,22
BRDA:4,1,0,1
BRDA:4,1,1,21
BRF:4
BRH:4
end_of_record
TN:
SF:src/index.js
FN:3,tempToColor
FNF:1
FNH:1
FNDA:18,tempToColor
DA:1,1
DA:4,18
DA:5,3
DA:6,15
DA:7,1
DA:8,14
DA:9,2
DA:10,12
DA:11,2
DA:14,14
DA:15,14
DA:16,14
DA:17,14
DA:19,14
DA:21,9
DA:22,9
DA:23,2
DA:24,2
DA:25,2
DA:26,7
DA:27,1
DA:28,1
DA:29,1
DA:30,6
DA:31,2
DA:32,2
DA:33,2
DA:34,4
DA:35,1
DA:36,1
DA:37,1
DA:38,3
DA:39,1
DA:40,1
DA:41,1
DA:42,2
DA:43,2
DA:44,2
DA:45,2
DA:47,9
DA:52,5
DA:53,5
DA:54,2
DA:55,2
DA:56,2
DA:57,3
DA:58,1
DA:59,1
DA:60,1
DA:61,2
DA:62,1
DA:63,1
DA:64,1
DA:65,1
DA:66,1
DA:67,1
DA:68,1
DA:70,5
DA:74,14
DA:81,1
LF:60
LH:60
BRDA:3,0,0,4
BRDA:4,1,0,3
BRDA:4,1,1,15
BRDA:4,2,0,18
BRDA:4,2,1,17
BRDA:4,2,2,16
BRDA:6,3,0,1
BRDA:6,3,1,14
BRDA:8,4,0,2
BRDA:8,4,1,12
BRDA:10,5,0,2
BRDA:10,5,1,10
BRDA:19,6,0,9
BRDA:19,6,1,0
BRDA:19,6,2,5
BRDA:22,7,0,2
BRDA:22,7,1,7
BRDA:26,8,0,1
BRDA:26,8,1,6
BRDA:26,9,0,7
BRDA:26,9,1,7
BRDA:30,10,0,2
BRDA:30,10,1,4
BRDA:30,11,0,6
BRDA:30,11,1,6
BRDA:34,12,0,1
BRDA:34,12,1,3
BRDA:34,13,0,4
BRDA:34,13,1,4
BRDA:38,14,0,1
BRDA:38,14,1,2
BRDA:38,15,0,3
BRDA:38,15,1,3
BRDA:42,16,0,2
BRDA:42,16,1,0
BRDA:53,17,0,2
BRDA:53,17,1,3
BRDA:57,18,0,1
BRDA:57,18,1,2
BRDA:57,19,0,3
BRDA:57,19,1,3
BRDA:61,20,0,1
BRDA:61,20,1,1
BRDA:61,21,0,2
BRDA:61,21,1,2
BRDA:65,22,0,1
BRDA:65,22,1,0
BRF:47
BRH:44
end_of_record
